Arguments: 
  C:\Program Files\nodejs\node.exe C:\Users\damaro\AppData\Roaming\npm\node_modules\yarn\bin\yarn.js add @reduxjs/redux-toolkit

PATH: 
  C:\Program Files\Git\mingw64\bin;C:\Program Files\Git\usr\bin;C:\Users\damaro\bin;C:\Program Files\Microsoft MPI\Bin;C:\ProgramData\Anaconda3;C:\ProgramData\Anaconda3\Library\mingw-w64\bin;C:\ProgramData\Anaconda3\Library\usr\bin;C:\ProgramData\Anaconda3\Library\bin;C:\ProgramData\Anaconda3\Scripts;C:\Program Files\AdoptOpenJDK\jre-11.0.7.10-hotspot\bin;C:\Program Files (x86)\Common Files\Oracle\Java\javapath;C:\Python39\Scripts;C:\Python39;C:\Windows\system32;C:\Windows;C:\Windows\System32\Wbem;C:\Windows\System32\WindowsPowerShell\v1.0;C:\Windows\System32\OpenSSH;C:\Program Files\Azure Data Studio\bin;C:\Program Files\IBM\SPSS\Statistics\24\JRE\bin;C:\Program Files (x86)\Microsoft SQL Server\150\DTS\Binn;C:\Program Files\Microsoft SQL Server\Client SDK\ODBC\170\Tools\Binn;C:\Program Files (x86)\Microsoft SQL Server\150\Tools\Binn;C:\Program Files\Microsoft SQL Server\150\Tools\Binn;C:\Program Files\Microsoft SQL Server\150\DTS\Binn;C:\Program Files\Microsoft SQL Server\130\Tools\Binn;C:\Program Files\nodejs;C:\ProgramData\chocolatey\bin;C:\Program Files\Git\cmd;C:\flutter\bin;C:\Program Files\Java\jdk1.8.0_181\bin;C:\Program Files (x86)\Microsoft SQL Server\110\DTS\Binn;C:\Program Files (x86)\Microsoft SQL Server\120\DTS\Binn;C:\Program Files (x86)\Microsoft SQL Server\130\DTS\Binn;C:\Program Files (x86)\Microsoft SQL Server\140\DTS\Binn;C:\xampp\php;C:\composer;C:\Users\damaro\maven\apache-maven-3.6.3\bin;C:\Program Files\MongoDB\Server\4.4\bin;C:\Windows\System32\netcat-1.11;C:\Program Files\erl10.3\bin;C:\ProgramData\chocolatey\lib\Elixir\bin;C:\ProgramData\chocolatey\lib\Elixir\bin;C:\heroku\bin;C:\Users\damaro\Desktop\cubectl;C:\Program Files\MiKTeX\miktex\bin\x64;C:\Program Files (x86)\NVIDIA Corporation\PhysX\Common;C:\Program Files\NVIDIA Corporation\NVIDIA NvDLISR;C:\Program Files\MySQL\MySQL Shell 8.0\bin;C:\Users\damaro\AppData\Local\Microsoft\WindowsApps;C:\Program Files\Azure Data Studio\bin;C:\Users\damaro\AppData\Local\Programs\Microsoft VS Code\bin;C:\Users\damaro\AppData\Roaming\npm;C:\Program Files\Docker Toolbox;C:\flutter\bin;C:\Program Files\Java\jdk1.8.0_181\bin;C:\tools\dart-sdk\bin;C:\Users\damaro\AppData\Roaming\Pub\Cache\bin;C:\Users\damaro\AppData\Roaming\Composer\vendor\bin;C:\Users\damaro\maven\apache-maven-3.6.3\bin;C:\Program Files\MongoDB\Server\4.4\bin;C:\Windows\System32\netcat-1.11;C:\Program Files\Multipass\bin;C:\Program Files\erl10.3\bin;C:\ProgramData\chocolatey\lib\Elixir\bin;C:\heroku\bin;C:\Users\damaro\Documents\WindowsPowerShell\Scripts;C:\Users\damaro\Desktop\cubectl

Yarn version: 
  1.22.10

Node version: 
  14.15.1

Platform: 
  win32 x64

Trace: 
  Error: https://registry.yarnpkg.com/@reduxjs%2fredux-toolkit: Not found
      at Request.params.callback [as _callback] (C:\Users\damaro\AppData\Roaming\npm\node_modules\yarn\lib\cli.js:66988:18)
      at Request.self.callback (C:\Users\damaro\AppData\Roaming\npm\node_modules\yarn\lib\cli.js:140662:22)
      at Request.emit (events.js:315:20)
      at Request.<anonymous> (C:\Users\damaro\AppData\Roaming\npm\node_modules\yarn\lib\cli.js:141634:10)
      at Request.emit (events.js:315:20)
      at IncomingMessage.<anonymous> (C:\Users\damaro\AppData\Roaming\npm\node_modules\yarn\lib\cli.js:141556:12)
      at Object.onceWrapper (events.js:421:28)
      at IncomingMessage.emit (events.js:327:22)
      at endReadableNT (_stream_readable.js:1327:12)
      at processTicksAndRejections (internal/process/task_queues.js:80:21)

npm manifest: 
  No manifest

yarn manifest: 
  No manifest

Lockfile: 
  No lockfile
